2026/03/24 16:32:58.169944 [fetch][status] url=https://en.wikipedia.org/wiki/abstract:Help:Contents status=404
2026/03/24 16:33:03.765423 [fetch][status] url=https://en.wikipedia.org/w/index.php?title=Wikipedia:Contact_us&action=history status=429
2026/03/24 16:33:03.765445 [fetch][status] url=https://en.wikipedia.org/w/index.php?title=Special:CreateAccount&returnto=Wikipedia%3AContact+us status=429
2026/03/24 16:33:03.767492 [fetch][status] url=https://en.wikipedia.org/wiki/Special:WhatLinksHere/Wikipedia:Contact_us status=429
2026/03/24 16:33:03.777200 [fetch][status] url=https://en.wikipedia.org/wiki/Special:RecentChangesLinked/Wikipedia:Contact_us status=429
2026/03/24 16:33:03.812944 [fetch][status] url=https://en.wikipedia.org/w/index.php?title=Special:UserLogin&returnto=Wikipedia%3AContact+us status=429
2026/03/24 16:33:03.837091 [fetch][status] url=https://en.wikipedia.org/w/index.php?title=Wikipedia:Contact_us&action=info status=429
2026/03/24 16:33:03.837108 [fetch][status] url=https://en.wikipedia.org/w/index.php?title=Special:UrlShortener&url=https%3A%2F%2Fen.wikipedia.org%2Fwiki%2FWikipedia%3AContact_us status=429
2026/03/24 16:33:03.841075 [fetch][status] url=https://en.wikipedia.org/w/index.php?title=Special:DownloadAsPdf&page=Wikipedia%3AContact_us&action=show-download-screen status=429
2026/03/24 16:33:03.875951 [fetch][status] url=https://en.wikipedia.org/w/index.php?title=Wikipedia:Contact_us&printable=yes status=429
2026/03/24 16:33:03.982492 [fetch][status] url=https://en.wikipedia.org/wiki/Wikipedia:Contact_us/Donors status=429
2026/03/24 16:33:04.161814 [fetch][status] url=https://en.wikipedia.org/w/index.php?title=Wikipedia:Contact_us&mobileaction=toggle_view_mobile status=429
2026/03/24 16:33:04.174654 [fetch][status] url=https://en.wikipedia.org/w/index.php?title=Special:UserLogin&returnto=Wikipedia%3AContents status=429
2026/03/24 16:33:04.238862 [fetch][status] url=https://en.wikipedia.org/w/index.php?title=Wikipedia:Contents&action=edit status=429
2026/03/24 16:33:04.239149 [fetch][status] url=https://en.wikipedia.org/wiki/Special:WhatLinksHere/Wikipedia:Contents status=429
2026/03/24 16:33:04.285843 [fetch][status] url=https://en.wikipedia.org/wiki/Special:RecentChangesLinked/Wikipedia:Contents status=429
2026/03/24 16:33:04.303665 [fetch][status] url=https://en.wikipedia.org/w/index.php?title=Wikipedia:Contents&action=info status=429
2026/03/24 16:33:04.303827 [fetch][status] url=https://en.wikipedia.org/w/index.php?title=Special:UrlShortener&url=https%3A%2F%2Fen.wikipedia.org%2Fwiki%2FWikipedia%3AContents status=429
2026/03/24 16:33:04.308576 [fetch][status] url=https://en.wikipedia.org/w/index.php?title=Special:DownloadAsPdf&page=Wikipedia%3AContents&action=show-download-screen status=429
2026/03/24 16:33:04.309962 [fetch][status] url=https://en.wikipedia.org/w/index.php?title=Wikipedia:Contents&printable=yes status=429
2026/03/24 16:33:04.408096 [fetch][status] url=https://en.wikipedia.org/w/index.php?title=Special:CreateAccount&returnto=Wikipedia%3AContents status=429
2026/03/24 16:33:04.706317 [fetch][status] url=https://en.wikipedia.org/wiki/Wikipedia:Contents/People_and_self status=429
